Using pre-set license
Built from '2020.3/staging' branch; Version is '2020.3.3f1 (76626098c1c4) revision 7758432'; Using compiler version '192528614'; Build Type 'Release'
OS: 'Windows 10 Home; OS build 19041.928; Version 2004; 64bit' Language: 'en' Physical Memory: 32687 MB
BatchMode: 1, IsHumanControllingUs: 0, StartBugReporterOnCrash: 0, Is64bit: 1, IsPro: 0

 COMMAND LINE ARGUMENTS:
C:\Program Files\Unity\Hub\Editor\2020.3.3f1\Editor\Unity.exe
-adb2
-batchMode
-noUpm
-name
AssetImportWorker0
-projectPath
D:/gameDEV/projects/Match3
-logFile
Logs/AssetImportWorker0.log
-srvPort
64861
Successfully changed project path to: D:/gameDEV/projects/Match3
D:/gameDEV/projects/Match3
Using Asset Import Pipeline V2.
Refreshing native plugins compatible for Editor in 22.10 ms, found 0 plugins.
Preloading 0 native plugins for Editor in 0.00 ms.
Initialize engine version: 2020.3.3f1 (76626098c1c4)
[Subsystems] Discovering subsystems at path C:/Program Files/Unity/Hub/Editor/2020.3.3f1/Editor/Data/Resources/UnitySubsystems
[Subsystems] Discovering subsystems at path D:/gameDEV/projects/Match3/Assets
GfxDevice: creating device client; threaded=0
Direct3D:
    Version:  Direct3D 11.0 [level 11.1]
    Renderer: NVIDIA GeForce RTX 2070 with Max-Q Design (ID=0x1f50)
    Vendor:   
    VRAM:     8031 MB
    Driver:   27.21.14.6140
Initialize mono
Mono path[0] = 'C:/Program Files/Unity/Hub/Editor/2020.3.3f1/Editor/Data/Managed'
Mono path[1] = 'C:/Program Files/Unity/Hub/Editor/2020.3.3f1/Editor/Data/MonoBleedingEdge/lib/mono/unityjit'
Mono config path = 'C:/Program Files/Unity/Hub/Editor/2020.3.3f1/Editor/Data/MonoBleedingEdge/etc'
Using monoOptions --debugger-agent=transport=dt_socket,embedding=1,server=y,suspend=n,address=127.0.0.1:56984
Begin MonoManager ReloadAssembly
Registering precompiled unity dll's ...
Register platform support module: C:/Program Files/Unity/Hub/Editor/2020.3.3f1/Editor/Data/PlaybackEngines/WebGLSupport/UnityEditor.WebGL.Extensions.dll
Register platform support module: C:/Program Files/Unity/Hub/Editor/2020.3.3f1/Editor/Data/PlaybackEngines/MacStandaloneSupport/UnityEditor.OSXStandalone.Extensions.dll
Register platform support module: C:/Program Files/Unity/Hub/Editor/2020.3.3f1/Editor/Data/PlaybackEngines/WindowsStandaloneSupport/UnityEditor.WindowsStandalone.Extensions.dll
Register platform support module: C:/Program Files/Unity/Hub/Editor/2020.3.3f1/Editor/Data/PlaybackEngines/LinuxStandaloneSupport/UnityEditor.LinuxStandalone.Extensions.dll
Register platform support module: C:/Program Files/Unity/Hub/Editor/2020.3.3f1/Editor/Data/PlaybackEngines/LuminSupport/UnityEditor.Lumin.Extensions.dll
Registered in 0.004606 seconds.
Native extension for Lumin target not found
Native extension for LinuxStandalone target not found
Native extension for WindowsStandalone target not found
Native extension for OSXStandalone target not found
Native extension for WebGL target not found
Refreshing native plugins compatible for Editor in 21.75 ms, found 0 plugins.
Preloading 0 native plugins for Editor in 0.00 ms.
Invoked RoslynAnalysisRunner static constructor.
RoslynAnalysisRunner will not be running.
RoslynAnalysisRunner has terminated.
Mono: successfully reloaded assembly
- Completed reload, in  1.328 seconds
Platform modules already initialized, skipping
Registering precompiled user dll's ...
Registered in 0.000660 seconds.
Begin MonoManager ReloadAssembly
Native extension for Lumin target not found
Native extension for LinuxStandalone target not found
Native extension for WindowsStandalone target not found
Native extension for OSXStandalone target not found
Native extension for WebGL target not found
Refreshing native plugins compatible for Editor in 0.20 ms, found 0 plugins.
Preloading 0 native plugins for Editor in 0.00 ms.
Invoked RoslynAnalysisRunner static constructor.
RoslynAnalysisRunner will not be running.
RoslynAnalysisRunner has terminated.
Mono: successfully reloaded assembly
- Completed reload, in  0.840 seconds
Platform modules already initialized, skipping
========================================================================
Worker process is ready to serve import requests
Launched and connected shader compiler UnityShaderCompiler.exe after 0.05 seconds
Refreshing native plugins compatible for Editor in 0.18 ms, found 0 plugins.
Preloading 0 native plugins for Editor in 0.00 ms.
Unloading 1119 Unused Serialized files (Serialized files now loaded: 0)
System memory in use before: 57.2 MB.
System memory in use after: 57.2 MB.

Unloading 10 unused Assets to reduce memory usage. Loaded Objects now: 1561.
Total: 1.745600 ms (FindLiveObjects: 0.167800 ms CreateObjectMapping: 0.031700 ms MarkObjects: 1.471100 ms  DeleteObjects: 0.073400 ms)

========================================================================
Received Import Request.
  path: Assets/Scripts
  artifactKey: Guid(43dc189d088877848b3805bdd4659349) Importer(815301076,1909f56bfc062723c751e8b465ee728b)
Start importing Assets/Scripts using Guid(43dc189d088877848b3805bdd4659349) Importer(815301076,1909f56bfc062723c751e8b465ee728b)  -> (artifact id: 'cb284a2d275f06ef720c44e833654384') in 0.003444 seconds
  Import took 0.007116 seconds .

========================================================================
Received Import Request.
  Time since last request: 0.000275 seconds.
  path: Assets/Scripts/GameLogic.cs
  artifactKey: Guid(c654c8e1e90daed44b86b1597ecbf4f8) Importer(815301076,1909f56bfc062723c751e8b465ee728b)
Start importing Assets/Scripts/GameLogic.cs using Guid(c654c8e1e90daed44b86b1597ecbf4f8) Importer(815301076,1909f56bfc062723c751e8b465ee728b)  -> (artifact id: '486800107d8b0ad4612f9bc6d44a31fa') in 0.026783 seconds
  Import took 0.029838 seconds .

========================================================================
Received Import Request.
  Time since last request: 0.889000 seconds.
  path: Assets/Scripts/PlayerInput.cs
  artifactKey: Guid(1a7c41f00ed609c4093a2feb31737249) Importer(815301076,1909f56bfc062723c751e8b465ee728b)
Start importing Assets/Scripts/PlayerInput.cs using Guid(1a7c41f00ed609c4093a2feb31737249) Importer(815301076,1909f56bfc062723c751e8b465ee728b)  -> (artifact id: '17daa022bbe075d5e324b185699fb387') in 0.002861 seconds
  Import took 0.005889 seconds .

========================================================================
Received Import Request.
  Time since last request: 4.167196 seconds.
  path: Assets/Tiles
  artifactKey: Guid(6d9aacc93ef20e34eba9d5d3ba3e3749) Importer(815301076,1909f56bfc062723c751e8b465ee728b)
Start importing Assets/Tiles using Guid(6d9aacc93ef20e34eba9d5d3ba3e3749) Importer(815301076,1909f56bfc062723c751e8b465ee728b)  -> (artifact id: '86df9ed950871799e6e9c6d4fb3c1ba9') in 0.000996 seconds
  Import took 0.003696 seconds .

========================================================================
Received Import Request.
  Time since last request: 1.516341 seconds.
  path: Assets/Tiles/Scripts
  artifactKey: Guid(4ed55fab79bf82f41a02062e486a1972) Importer(815301076,1909f56bfc062723c751e8b465ee728b)
Start importing Assets/Tiles/Scripts using Guid(4ed55fab79bf82f41a02062e486a1972) Importer(815301076,1909f56bfc062723c751e8b465ee728b)  -> (artifact id: '0ca464b9c6c0498a3a7cbd7cfa3cc03f') in 0.000979 seconds
  Import took 0.004387 seconds .

========================================================================
Received Import Request.
  Time since last request: 0.979565 seconds.
  path: Assets/Tiles/Scripts/ArrayIndex.cs
  artifactKey: Guid(1e6a573b264c47346921bf426ec95576) Importer(815301076,1909f56bfc062723c751e8b465ee728b)
Start importing Assets/Tiles/Scripts/ArrayIndex.cs using Guid(1e6a573b264c47346921bf426ec95576) Importer(815301076,1909f56bfc062723c751e8b465ee728b)  -> (artifact id: '4b577587b7527532df759426ed1cd2ad') in 0.001162 seconds
  Import took 0.004396 seconds .

========================================================================
Received Import Request.
  Time since last request: 0.778280 seconds.
  path: Assets/Tiles/Scripts/TileArrayIndex.cs
  artifactKey: Guid(14958ae22d102cd4a9963f5a98f6b57b) Importer(815301076,1909f56bfc062723c751e8b465ee728b)
Start importing Assets/Tiles/Scripts/TileArrayIndex.cs using Guid(14958ae22d102cd4a9963f5a98f6b57b) Importer(815301076,1909f56bfc062723c751e8b465ee728b)  -> (artifact id: '6d7798c38a4c2f9a8305ba4e019cc05e') in 0.001045 seconds
  Import took 0.004705 seconds .

